<?xml version="1.0" encoding="UTF-8"?>
<!-- Generated by org.testng.reporters.JUnitXMLReporter -->
<testsuite hostname="PRINHYLTPAP0894.local" name="Test" tests="9" failures="0" timestamp="30 Sep 2019 08:06:21 GMT" time="156.92" errors="0">
  <testcase name="verifyLoginWithInvalidCredentials" time="10.203" classname="documentexplorer.OmniusAssignment.LoginTest"/>
  <testcase name="verifyLoginWithEmptyCredentials" time="1.371" classname="documentexplorer.OmniusAssignment.LoginTest"/>
  <testcase name="verifyLoginWithValidCredentials" time="5.911" classname="documentexplorer.OmniusAssignment.LoginTest"/>
  <testcase name="checkIfUserAbleToCreateCollection" time="11.203" classname="documentexplorer.OmniusAssignment.CollectionsTest"/>
  <testcase name="checkCollectionSearchFunctionality" time="10.737" classname="documentexplorer.OmniusAssignment.CollectionsTest"/>
  <testcase name="checkCollectionCreationWithDuplicateName" time="6.157" classname="documentexplorer.OmniusAssignment.CollectionsTest"/>
  <testcase name="checkSortingOnNameColumn" time="21.118" classname="documentexplorer.OmniusAssignment.CollectionsTest"/>
  <testcase name="validateTotalResultsDisplayed" time="5.424" classname="documentexplorer.OmniusAssignment.CollectionsTest"/>
  <testcase name="validateIfDocumentsSectionDisplayed" time="75.902" classname="documentexplorer.OmniusAssignment.CollectionsTest"/>
</testsuite> <!-- Test -->
