<?xml version="1.0" encoding="UTF-8"?>
<!-- Generated by org.testng.reporters.JUnitXMLReporter -->
<testsuite hostname="PRINHYLTPAP0894.local" name="Test" tests="9" failures="0" timestamp="30 Sep 2019 10:00:37 GMT" time="85.349" errors="0">
  <testcase name="verifyLoginWithInvalidCredentials" time="7.313" classname="documentexplorer.OmniusAssignment.LoginTest"/>
  <testcase name="verifyLoginWithEmptyCredentials" time="1.163" classname="documentexplorer.OmniusAssignment.LoginTest"/>
  <testcase name="verifyLoginWithValidCredentials" time="5.517" classname="documentexplorer.OmniusAssignment.LoginTest"/>
  <testcase name="checkIfUserAbleToCreateCollection" time="11.088" classname="documentexplorer.OmniusAssignment.CollectionsTest"/>
  <testcase name="checkCollectionSearchFunctionality" time="10.745" classname="documentexplorer.OmniusAssignment.CollectionsTest"/>
  <testcase name="checkCollectionCreationWithDuplicateName" time="6.111" classname="documentexplorer.OmniusAssignment.CollectionsTest"/>
  <testcase name="checkSortingOnNameColumn" time="21.125" classname="documentexplorer.OmniusAssignment.CollectionsTest"/>
  <testcase name="validateTotalResultsDisplayed" time="5.357" classname="documentexplorer.OmniusAssignment.CollectionsTest"/>
  <testcase name="validateIfDocumentsSectionDisplayed" time="6.148" classname="documentexplorer.OmniusAssignment.CollectionsTest"/>
</testsuite> <!-- Test -->
