<?xml version="1.0" encoding="UTF-8"?>
<testng-results skipped="0" failed="0" total="9" passed="9">
  <reporter-output>
  </reporter-output>
  <suite name="Suite" duration-ms="85349" started-at="2019-09-30T09:59:11Z" finished-at="2019-09-30T10:00:37Z">
    <groups>
    </groups>
    <test name="Test" duration-ms="85349" started-at="2019-09-30T09:59:11Z" finished-at="2019-09-30T10:00:37Z">
      <class name="documentexplorer.OmniusAssignment.CollectionsTest">
        <test-method status="PASS" signature="checkIfUserAbleToCreateCollection()[pri:3, instance:documentexplorer.OmniusAssignment.CollectionsTest@7dc36524]" name="checkIfUserAbleToCreateCollection" duration-ms="11088" started-at="2019-09-30T15:29:36Z" finished-at="2019-09-30T15:29:47Z">
          <reporter-output>
          </reporter-output>
        </test-method> <!-- checkIfUserAbleToCreateCollection -->
        <test-method status="PASS" signature="checkCollectionSearchFunctionality()[pri:4, instance:documentexplorer.OmniusAssignment.CollectionsTest@7dc36524]" name="checkCollectionSearchFunctionality" duration-ms="10745" started-at="2019-09-30T15:29:47Z" finished-at="2019-09-30T15:29:58Z">
          <reporter-output>
          </reporter-output>
        </test-method> <!-- checkCollectionSearchFunctionality -->
        <test-method status="PASS" signature="checkCollectionCreationWithDuplicateName()[pri:5, instance:documentexplorer.OmniusAssignment.CollectionsTest@7dc36524]" name="checkCollectionCreationWithDuplicateName" duration-ms="6111" started-at="2019-09-30T15:29:58Z" finished-at="2019-09-30T15:30:04Z">
          <reporter-output>
          </reporter-output>
        </test-method> <!-- checkCollectionCreationWithDuplicateName -->
        <test-method status="PASS" signature="checkSortingOnNameColumn()[pri:6, instance:documentexplorer.OmniusAssignment.CollectionsTest@7dc36524]" name="checkSortingOnNameColumn" duration-ms="21125" started-at="2019-09-30T15:30:04Z" finished-at="2019-09-30T15:30:25Z">
          <reporter-output>
          </reporter-output>
        </test-method> <!-- checkSortingOnNameColumn -->
        <test-method status="PASS" signature="validateTotalResultsDisplayed()[pri:7, instance:documentexplorer.OmniusAssignment.CollectionsTest@7dc36524]" name="validateTotalResultsDisplayed" duration-ms="5357" started-at="2019-09-30T15:30:25Z" finished-at="2019-09-30T15:30:30Z">
          <reporter-output>
          </reporter-output>
        </test-method> <!-- validateTotalResultsDisplayed -->
        <test-method status="PASS" signature="validateIfDocumentsSectionDisplayed()[pri:8, instance:documentexplorer.OmniusAssignment.CollectionsTest@7dc36524]" name="validateIfDocumentsSectionDisplayed" duration-ms="6148" started-at="2019-09-30T15:30:30Z" finished-at="2019-09-30T15:30:37Z">
          <reporter-output>
          </reporter-output>
        </test-method> <!-- validateIfDocumentsSectionDisplayed -->
      </class> <!-- documentexplorer.OmniusAssignment.CollectionsTest -->
      <class name="documentexplorer.OmniusAssignment.LoginTest">
        <test-method status="PASS" signature="verifyLoginWithInvalidCredentials()[pri:0, instance:documentexplorer.OmniusAssignment.LoginTest@3f0ee7cb]" name="verifyLoginWithInvalidCredentials" duration-ms="7313" started-at="2019-09-30T15:29:21Z" finished-at="2019-09-30T15:29:28Z">
          <reporter-output>
          </reporter-output>
        </test-method> <!-- verifyLoginWithInvalidCredentials -->
        <test-method status="PASS" signature="verifyLoginWithEmptyCredentials()[pri:1, instance:documentexplorer.OmniusAssignment.LoginTest@3f0ee7cb]" name="verifyLoginWithEmptyCredentials" duration-ms="1163" started-at="2019-09-30T15:29:29Z" finished-at="2019-09-30T15:29:30Z">
          <reporter-output>
          </reporter-output>
        </test-method> <!-- verifyLoginWithEmptyCredentials -->
        <test-method status="PASS" signature="verifyLoginWithValidCredentials()[pri:2, instance:documentexplorer.OmniusAssignment.LoginTest@3f0ee7cb]" name="verifyLoginWithValidCredentials" duration-ms="5517" started-at="2019-09-30T15:29:30Z" finished-at="2019-09-30T15:29:36Z">
          <reporter-output>
          </reporter-output>
        </test-method> <!-- verifyLoginWithValidCredentials -->
      </class> <!-- documentexplorer.OmniusAssignment.LoginTest -->
    </test> <!-- Test -->
  </suite> <!-- Suite -->
</testng-results>
